<?xml version="1.0" encoding="UTF-8"?>
<!-- Generated by org.testng.reporters.JUnitReportReporter -->
<testsuite hostname="DESKTOP-IBURG8I" failures="0" tests="10" name="core.tests.Scenarios" time="1167.303" errors="0" timestamp="13 Aug 2019 09:43:33 GMT" skipped="0">
  <testcase classname="core.tests.Scenarios" name="TC01_verifySwitchingToQA" time="80.553"/>
  <testcase classname="core.tests.Scenarios" name="TC02_verifyLoginError" time="95.931"/>
  <testcase classname="core.tests.Scenarios" name="TC03_verifyingSuccessfulLogin" time="112.109"/>
  <testcase classname="core.tests.Scenarios" name="TC04_verifyStatusScreenContents" time="109.513"/>
  <testcase classname="core.tests.Scenarios" name="TC05_verifyingGraphInteractionInEnergy" time="146.202"/>
  <testcase classname="core.tests.Scenarios" name="TC06_verifyingDifferntTimeFiltersInEnergyScreen" time="131.887"/>
  <testcase classname="core.tests.Scenarios" name="TC07_verifyingSolarEnergyProducedUI" time="120.549"/>
  <testcase classname="core.tests.Scenarios" name="TC08_verifyingMenuPage" time="109.189"/>
  <testcase classname="core.tests.Scenarios" name="TC09_verifySiteDetailsSection" time="136.076"/>
  <testcase classname="core.tests.Scenarios" name="TC10_verifyingReportSending" time="125.294"/>
</testsuite> <!-- core.tests.Scenarios -->
